2025-03-07 19:18:22 [background-preinit] INFO  o.h.validator.internal.util.Version - HV000001: Hibernate Validator 8.0.2.Final
2025-03-07 19:18:22 [main] INFO  c.s.f.FichierServiceApplication - Starting FichierServiceApplication using Java 22.0.1 with PID 13072 (C:\Users\yanni\SkillForge\fichiers-service\target\classes started by yanni in C:\Users\yanni\SkillForge\fichiers-service)
2025-03-07 19:18:22 [main] INFO  c.s.f.FichierServiceApplication - No active profile set, falling back to 1 default profile: "default"
2025-03-07 19:18:23 [main] INFO  o.s.cloud.context.scope.GenericScope - BeanFactory id=b844ef94-60fb-3964-9c77-2a995a60a542
2025-03-07 19:18:23 [main] INFO  o.s.b.w.e.tomcat.TomcatWebServer - Tomcat initialized with port 8082 (http)
2025-03-07 19:18:23 [main] INFO  o.a.coyote.http11.Http11NioProtocol - Initializing ProtocolHandler ["http-nio-8082"]
2025-03-07 19:18:23 [main] INFO  o.a.catalina.core.StandardService - Starting service [Tomcat]
2025-03-07 19:18:23 [main] INFO  o.a.catalina.core.StandardEngine - Starting Servlet engine: [Apache Tomcat/10.1.36]
2025-03-07 19:18:23 [main] INFO  o.a.c.c.C.[Tomcat].[localhost].[/] - Initializing Spring embedded WebApplicationContext
2025-03-07 19:18:23 [main] INFO  o.s.b.w.s.c.ServletWebServerApplicationContext - Root WebApplicationContext: initialization completed in 934 ms
2025-03-07 19:18:24 [main] WARN  o.s.c.l.c.LoadBalancerCacheAutoConfiguration$LoadBalancerCaffeineWarnLogger - Spring Cloud LoadBalancer is currently working with the default cache. While this cache implementation is useful for development and tests, it's recommended to use Caffeine cache in production.You can switch to using Caffeine cache, by adding it and org.springframework.cache.caffeine.CaffeineCacheManager to the classpath.
2025-03-07 19:18:24 [main] INFO  o.s.b.a.e.web.EndpointLinksResolver - Exposing 1 endpoint beneath base path '/actuator'
2025-03-07 19:18:24 [main] INFO  o.a.coyote.http11.Http11NioProtocol - Starting ProtocolHandler ["http-nio-8082"]
2025-03-07 19:18:24 [main] INFO  o.s.b.w.e.tomcat.TomcatWebServer - Tomcat started on port 8082 (http) with context path '/'
2025-03-07 19:18:24 [main] INFO  o.s.c.c.s.ConsulServiceRegistry - Registering service with consul: NewService{id='fichiers-service-8082', name='fichiers-service', tags=[], address='Machine.mshome.net', meta={secure=false}, port=8082, enableTagOverride=null, check=Check{script='null', dockerContainerID='null', shell='null', interval='10s', ttl='null', http='http://Machine.mshome.net:8082/actuator/health', method='null', header={}, tcp='null', timeout='null', deregisterCriticalServiceAfter='null', tlsSkipVerify=null, status='null', grpc='null', grpcUseTLS=null}, checks=null}
2025-03-07 19:18:24 [main] INFO  c.s.f.FichierServiceApplication - Started FichierServiceApplication in 2.041 seconds (process running for 2.494)
2025-03-07 19:18:32 [http-nio-8082-exec-1] INFO  o.a.c.c.C.[Tomcat].[localhost].[/] - Initializing Spring DispatcherServlet 'dispatcherServlet'
2025-03-07 19:18:32 [http-nio-8082-exec-1] INFO  o.s.web.servlet.DispatcherServlet - Initializing Servlet 'dispatcherServlet'
2025-03-07 19:18:32 [http-nio-8082-exec-1] INFO  o.s.web.servlet.DispatcherServlet - Completed initialization in 2 ms
2025-03-07 19:18:33 [http-nio-8082-exec-3] INFO  o.s.api.AbstractOpenApiResource - Init duration for springdoc-openapi is: 249 ms
2025-03-07 19:18:43 [http-nio-8082-exec-4] INFO  c.s.f.controller.FileController - Tentative d'upload du fichier : toto.txt
2025-03-07 19:18:43 [http-nio-8082-exec-4] INFO  c.s.f.controller.FileController - Fichier toto.txt uploadé avec succès !
2025-03-07 19:19:32 [SpringApplicationShutdownHook] INFO  o.s.b.w.e.tomcat.GracefulShutdown - Commencing graceful shutdown. Waiting for active requests to complete
2025-03-07 19:19:32 [tomcat-shutdown] INFO  o.s.b.w.e.tomcat.GracefulShutdown - Graceful shutdown complete
2025-03-07 19:19:32 [SpringApplicationShutdownHook] INFO  o.s.c.c.s.ConsulServiceRegistry - Deregistering service with consul: fichiers-service-8082
2025-03-07 19:19:40 [background-preinit] INFO  o.h.validator.internal.util.Version - HV000001: Hibernate Validator 8.0.2.Final
2025-03-07 19:19:40 [main] INFO  c.s.f.FichierServiceApplication - Starting FichierServiceApplication using Java 22.0.1 with PID 14000 (C:\Users\yanni\SkillForge\fichiers-service\target\classes started by yanni in C:\Users\yanni\SkillForge\fichiers-service)
2025-03-07 19:19:40 [main] INFO  c.s.f.FichierServiceApplication - No active profile set, falling back to 1 default profile: "default"
2025-03-07 19:19:41 [main] INFO  o.s.cloud.context.scope.GenericScope - BeanFactory id=b844ef94-60fb-3964-9c77-2a995a60a542
2025-03-07 19:19:41 [main] INFO  o.s.b.w.e.tomcat.TomcatWebServer - Tomcat initialized with port 8082 (http)
2025-03-07 19:19:41 [main] INFO  o.a.coyote.http11.Http11NioProtocol - Initializing ProtocolHandler ["http-nio-8082"]
2025-03-07 19:19:41 [main] INFO  o.a.catalina.core.StandardService - Starting service [Tomcat]
2025-03-07 19:19:41 [main] INFO  o.a.catalina.core.StandardEngine - Starting Servlet engine: [Apache Tomcat/10.1.36]
2025-03-07 19:19:41 [main] INFO  o.a.c.c.C.[Tomcat].[localhost].[/] - Initializing Spring embedded WebApplicationContext
2025-03-07 19:19:41 [main] INFO  o.s.b.w.s.c.ServletWebServerApplicationContext - Root WebApplicationContext: initialization completed in 957 ms
2025-03-07 19:19:42 [main] WARN  o.s.c.l.c.LoadBalancerCacheAutoConfiguration$LoadBalancerCaffeineWarnLogger - Spring Cloud LoadBalancer is currently working with the default cache. While this cache implementation is useful for development and tests, it's recommended to use Caffeine cache in production.You can switch to using Caffeine cache, by adding it and org.springframework.cache.caffeine.CaffeineCacheManager to the classpath.
2025-03-07 19:19:42 [main] INFO  o.s.b.a.e.web.EndpointLinksResolver - Exposing 1 endpoint beneath base path '/actuator'
2025-03-07 19:19:42 [main] INFO  o.a.coyote.http11.Http11NioProtocol - Starting ProtocolHandler ["http-nio-8082"]
2025-03-07 19:19:42 [main] INFO  o.s.b.w.e.tomcat.TomcatWebServer - Tomcat started on port 8082 (http) with context path '/'
2025-03-07 19:19:42 [main] INFO  o.s.c.c.s.ConsulServiceRegistry - Registering service with consul: NewService{id='fichiers-service-8082', name='fichiers-service', tags=[], address='Machine.mshome.net', meta={secure=false}, port=8082, enableTagOverride=null, check=Check{script='null', dockerContainerID='null', shell='null', interval='10s', ttl='null', http='http://Machine.mshome.net:8082/actuator/health', method='null', header={}, tcp='null', timeout='null', deregisterCriticalServiceAfter='null', tlsSkipVerify=null, status='null', grpc='null', grpcUseTLS=null}, checks=null}
2025-03-07 19:19:42 [main] INFO  c.s.f.FichierServiceApplication - Started FichierServiceApplication in 1.995 seconds (process running for 2.445)
2025-03-07 19:19:56 [SpringApplicationShutdownHook] INFO  o.s.b.w.e.tomcat.GracefulShutdown - Commencing graceful shutdown. Waiting for active requests to complete
2025-03-07 19:19:56 [tomcat-shutdown] INFO  o.s.b.w.e.tomcat.GracefulShutdown - Graceful shutdown complete
2025-03-07 19:19:56 [SpringApplicationShutdownHook] INFO  o.s.c.c.s.ConsulServiceRegistry - Deregistering service with consul: fichiers-service-8082
2025-03-07 19:20:02 [background-preinit] INFO  o.h.validator.internal.util.Version - HV000001: Hibernate Validator 8.0.2.Final
2025-03-07 19:20:02 [main] INFO  c.s.f.FichierServiceApplication - Starting FichierServiceApplication using Java 22.0.1 with PID 15864 (C:\Users\yanni\SkillForge\fichiers-service\target\classes started by yanni in C:\Users\yanni\SkillForge\fichiers-service)
2025-03-07 19:20:02 [main] INFO  c.s.f.FichierServiceApplication - No active profile set, falling back to 1 default profile: "default"
2025-03-07 19:20:03 [main] INFO  o.s.cloud.context.scope.GenericScope - BeanFactory id=b844ef94-60fb-3964-9c77-2a995a60a542
2025-03-07 19:20:03 [main] INFO  o.s.b.w.e.tomcat.TomcatWebServer - Tomcat initialized with port 8082 (http)
2025-03-07 19:20:03 [main] INFO  o.a.coyote.http11.Http11NioProtocol - Initializing ProtocolHandler ["http-nio-8082"]
2025-03-07 19:20:03 [main] INFO  o.a.catalina.core.StandardService - Starting service [Tomcat]
2025-03-07 19:20:03 [main] INFO  o.a.catalina.core.StandardEngine - Starting Servlet engine: [Apache Tomcat/10.1.36]
2025-03-07 19:20:03 [main] INFO  o.a.c.c.C.[Tomcat].[localhost].[/] - Initializing Spring embedded WebApplicationContext
2025-03-07 19:20:03 [main] INFO  o.s.b.w.s.c.ServletWebServerApplicationContext - Root WebApplicationContext: initialization completed in 951 ms
2025-03-07 19:20:04 [main] WARN  o.s.c.l.c.LoadBalancerCacheAutoConfiguration$LoadBalancerCaffeineWarnLogger - Spring Cloud LoadBalancer is currently working with the default cache. While this cache implementation is useful for development and tests, it's recommended to use Caffeine cache in production.You can switch to using Caffeine cache, by adding it and org.springframework.cache.caffeine.CaffeineCacheManager to the classpath.
2025-03-07 19:20:04 [main] INFO  o.s.b.a.e.web.EndpointLinksResolver - Exposing 1 endpoint beneath base path '/actuator'
2025-03-07 19:20:04 [main] INFO  o.a.coyote.http11.Http11NioProtocol - Starting ProtocolHandler ["http-nio-8082"]
2025-03-07 19:20:04 [main] INFO  o.s.b.w.e.tomcat.TomcatWebServer - Tomcat started on port 8082 (http) with context path '/'
2025-03-07 19:20:04 [main] INFO  o.s.c.c.s.ConsulServiceRegistry - Registering service with consul: NewService{id='fichiers-service-8082', name='fichiers-service', tags=[], address='Machine.mshome.net', meta={secure=false}, port=8082, enableTagOverride=null, check=Check{script='null', dockerContainerID='null', shell='null', interval='10s', ttl='null', http='http://Machine.mshome.net:8082/actuator/health', method='null', header={}, tcp='null', timeout='null', deregisterCriticalServiceAfter='null', tlsSkipVerify=null, status='null', grpc='null', grpcUseTLS=null}, checks=null}
2025-03-07 19:20:04 [main] INFO  c.s.f.FichierServiceApplication - Started FichierServiceApplication in 2.039 seconds (process running for 2.484)
2025-03-07 19:20:29 [SpringApplicationShutdownHook] INFO  o.s.b.w.e.tomcat.GracefulShutdown - Commencing graceful shutdown. Waiting for active requests to complete
2025-03-07 19:20:29 [tomcat-shutdown] INFO  o.s.b.w.e.tomcat.GracefulShutdown - Graceful shutdown complete
2025-03-07 19:20:29 [SpringApplicationShutdownHook] INFO  o.s.c.c.s.ConsulServiceRegistry - Deregistering service with consul: fichiers-service-8082
2025-03-07 19:20:35 [background-preinit] INFO  o.h.validator.internal.util.Version - HV000001: Hibernate Validator 8.0.2.Final
2025-03-07 19:20:35 [main] INFO  c.s.f.FichierServiceApplication - Starting FichierServiceApplication using Java 22.0.1 with PID 2412 (C:\Users\yanni\SkillForge\fichiers-service\target\classes started by yanni in C:\Users\yanni\SkillForge\fichiers-service)
2025-03-07 19:20:35 [main] INFO  c.s.f.FichierServiceApplication - No active profile set, falling back to 1 default profile: "default"
2025-03-07 19:20:36 [main] INFO  o.s.cloud.context.scope.GenericScope - BeanFactory id=b844ef94-60fb-3964-9c77-2a995a60a542
2025-03-07 19:20:36 [main] INFO  o.s.b.w.e.tomcat.TomcatWebServer - Tomcat initialized with port 8082 (http)
2025-03-07 19:20:36 [main] INFO  o.a.coyote.http11.Http11NioProtocol - Initializing ProtocolHandler ["http-nio-8082"]
2025-03-07 19:20:36 [main] INFO  o.a.catalina.core.StandardService - Starting service [Tomcat]
2025-03-07 19:20:36 [main] INFO  o.a.catalina.core.StandardEngine - Starting Servlet engine: [Apache Tomcat/10.1.36]
2025-03-07 19:20:36 [main] INFO  o.a.c.c.C.[Tomcat].[localhost].[/] - Initializing Spring embedded WebApplicationContext
2025-03-07 19:20:36 [main] INFO  o.s.b.w.s.c.ServletWebServerApplicationContext - Root WebApplicationContext: initialization completed in 874 ms
2025-03-07 19:20:37 [main] WARN  o.s.c.l.c.LoadBalancerCacheAutoConfiguration$LoadBalancerCaffeineWarnLogger - Spring Cloud LoadBalancer is currently working with the default cache. While this cache implementation is useful for development and tests, it's recommended to use Caffeine cache in production.You can switch to using Caffeine cache, by adding it and org.springframework.cache.caffeine.CaffeineCacheManager to the classpath.
2025-03-07 19:20:37 [main] INFO  o.s.b.a.e.web.EndpointLinksResolver - Exposing 1 endpoint beneath base path '/actuator'
2025-03-07 19:20:37 [main] INFO  o.a.coyote.http11.Http11NioProtocol - Starting ProtocolHandler ["http-nio-8082"]
2025-03-07 19:20:37 [main] INFO  o.s.b.w.e.tomcat.TomcatWebServer - Tomcat started on port 8082 (http) with context path '/'
2025-03-07 19:20:37 [main] INFO  o.s.c.c.s.ConsulServiceRegistry - Registering service with consul: NewService{id='fichiers-service-8082', name='fichiers-service', tags=[], address='Machine.mshome.net', meta={secure=false}, port=8082, enableTagOverride=null, check=Check{script='null', dockerContainerID='null', shell='null', interval='10s', ttl='null', http='http://Machine.mshome.net:8082/actuator/health', method='null', header={}, tcp='null', timeout='null', deregisterCriticalServiceAfter='null', tlsSkipVerify=null, status='null', grpc='null', grpcUseTLS=null}, checks=null}
2025-03-07 19:20:37 [main] INFO  c.s.f.FichierServiceApplication - Started FichierServiceApplication in 1.966 seconds (process running for 2.401)
2025-03-07 19:21:52 [SpringApplicationShutdownHook] INFO  o.s.b.w.e.tomcat.GracefulShutdown - Commencing graceful shutdown. Waiting for active requests to complete
2025-03-07 19:21:52 [tomcat-shutdown] INFO  o.s.b.w.e.tomcat.GracefulShutdown - Graceful shutdown complete
2025-03-07 19:21:52 [SpringApplicationShutdownHook] INFO  o.s.c.c.s.ConsulServiceRegistry - Deregistering service with consul: fichiers-service-8082
